0 info it worked if it ends with ok
1 verbose cli [ 'node', '/usr/local/bin/npm', 'install', 'child_process' ]
2 info using npm@1.4.28
3 info using node@v0.10.33
4 warn package.json ayla@1.0.0 No description
5 warn package.json ayla@1.0.0 No repository field.
6 warn package.json ayla@1.0.0 No README data
7 warn package.json express-json@1.0.0 No repository field.
8 verbose readDependencies using package.json deps
9 verbose cache add [ 'child_process', null ]
10 verbose cache add name=undefined spec="child_process" args=["child_process",null]
11 verbose parsed url { protocol: null,
11 verbose parsed url   slashes: null,
11 verbose parsed url   auth: null,
11 verbose parsed url   host: null,
11 verbose parsed url   port: null,
11 verbose parsed url   hostname: null,
11 verbose parsed url   hash: null,
11 verbose parsed url   search: null,
11 verbose parsed url   query: null,
11 verbose parsed url   pathname: 'child_process',
11 verbose parsed url   path: 'child_process',
11 verbose parsed url   href: 'child_process' }
12 silly lockFile 4845fa97-child-process child_process
13 verbose lock child_process /Users/SGudimela/.npm/4845fa97-child-process.lock
14 silly lockFile 4845fa97-child-process child_process
15 silly lockFile 4845fa97-child-process child_process
16 verbose addNamed [ 'child_process', '' ]
17 verbose addNamed [ null, '*' ]
18 silly lockFile 512a7ef6-child-process child_process@
19 verbose lock child_process@ /Users/SGudimela/.npm/512a7ef6-child-process.lock
20 silly addNameRange { name: 'child_process', range: '*', hasData: false }
21 verbose request where is /child_process
22 verbose request registry https://registry.npmjs.org/
23 verbose request id 4741263f308665c3
24 verbose url raw /child_process
25 verbose url resolving [ 'https://registry.npmjs.org/', './child_process' ]
26 verbose url resolved https://registry.npmjs.org/child_process
27 verbose request where is https://registry.npmjs.org/child_process
28 info trying registry request attempt 1 at 12:16:19
29 http GET https://registry.npmjs.org/child_process
30 http 404 https://registry.npmjs.org/child_process
31 verbose headers { date: 'Thu, 09 Apr 2015 19:16:20 GMT',
31 verbose headers   server: 'CouchDB/1.5.0 (Erlang OTP/R16B03)',
31 verbose headers   'content-type': 'application/json',
31 verbose headers   'cache-control': 'max-age=0',
31 verbose headers   'content-length': '51',
31 verbose headers   'accept-ranges': 'bytes',
31 verbose headers   via: '1.1 varnish',
31 verbose headers   'x-served-by': 'cache-dfw1830-DFW',
31 verbose headers   'x-cache': 'MISS',
31 verbose headers   'x-cache-hits': '0',
31 verbose headers   'x-timer': 'S1428606980.433763,VS0,VE66',
31 verbose headers   'keep-alive': 'timeout=10, max=50',
31 verbose headers   connection: 'Keep-Alive' }
32 silly registry.get cb [ 404,
32 silly registry.get   { date: 'Thu, 09 Apr 2015 19:16:20 GMT',
32 silly registry.get     server: 'CouchDB/1.5.0 (Erlang OTP/R16B03)',
32 silly registry.get     'content-type': 'application/json',
32 silly registry.get     'cache-control': 'max-age=0',
32 silly registry.get     'content-length': '51',
32 silly registry.get     'accept-ranges': 'bytes',
32 silly registry.get     via: '1.1 varnish',
32 silly registry.get     'x-served-by': 'cache-dfw1830-DFW',
32 silly registry.get     'x-cache': 'MISS',
32 silly registry.get     'x-cache-hits': '0',
32 silly registry.get     'x-timer': 'S1428606980.433763,VS0,VE66',
32 silly registry.get     'keep-alive': 'timeout=10, max=50',
32 silly registry.get     connection: 'Keep-Alive' } ]
33 silly lockFile 512a7ef6-child-process child_process@
34 silly lockFile 512a7ef6-child-process child_process@
35 error 404 404 Not Found: child_process
35 error 404
35 error 404 'child_process' is not in the npm registry.
35 error 404 You should bug the author to publish it
35 error 404 It was specified as a dependency of 'ayla'
35 error 404
35 error 404 Note that you can also install from a
35 error 404 tarball, folder, or http url, or git url.
36 error System Darwin 14.1.0
37 error command "node" "/usr/local/bin/npm" "install" "child_process"
38 error cwd /Users/SGudimela/Workspace/node/aylaNew/ayla
39 error node -v v0.10.33
40 error npm -v 1.4.28
41 error code E404
42 verbose exit [ 1, true ]
